<?xml version="1.0" encoding="UTF-8" standalone="yes"?>
<!DOCTYPE report PUBLIC "-//JACOCO//DTD Report 1.1//EN" "report.dtd">
<report name="unit-test-demo">
    <sessioninfo id="crisschandeMacBook-Pro.local-3bcba22d" start="1720083796978" dump="1720083799956"/>
    <package name="com/cicc/ut/util">
        <class name="com/cicc/ut/util/PasswordUtil" sourcefilename="PasswordUtil.java">
            <method name="md5" desc="(Ljava/lang/String;Ljava/lang/String;)Ljava/lang/String;" line="13">
                <counter type="INSTRUCTION" missed="0" covered="24"/>
                <counter type="LINE" missed="0" covered="2"/>
                <counter type="COMPLEXITY" missed="0" covered="1"/>
                <counter type="METHOD" missed="0" covered="1"/>
            </method>
            <counter type="INSTRUCTION" missed="0" covered="24"/>
            <counter type="LINE" missed="0" covered="2"/>
            <counter type="COMPLEXITY" missed="0" covered="1"/>
            <counter type="METHOD" missed="0" covered="1"/>
            <counter type="CLASS" missed="0" covered="1"/>
        </class>
        <sourcefile name="PasswordUtil.java">
            <line nr="13" mi="0" ci="12" mb="0" cb="0"/>
            <line nr="14" mi="0" ci="12" mb="0" cb="0"/>
            <counter type="INSTRUCTION" missed="0" covered="24"/>
            <counter type="LINE" missed="0" covered="2"/>
            <counter type="COMPLEXITY" missed="0" covered="1"/>
            <counter type="METHOD" missed="0" covered="1"/>
            <counter type="CLASS" missed="0" covered="1"/>
        </sourcefile>
        <counter type="INSTRUCTION" missed="0" covered="24"/>
        <counter type="LINE" missed="0" covered="2"/>
        <counter type="COMPLEXITY" missed="0" covered="1"/>
        <counter type="METHOD" missed="0" covered="1"/>
        <counter type="CLASS" missed="0" covered="1"/>
    </package>
    <package name="com/cicc/ut/service/impl">
        <class name="com/cicc/ut/service/impl/UserServiceImpl" sourcefilename="UserServiceImpl.java">
            <method name="&lt;init&gt;" desc="(Lcom/cicc/ut/mapper/UserBaseMapper;Lcom/cicc/ut/mapper/UserExtraMapper;)V" line="25">
                <counter type="INSTRUCTION" missed="0" covered="9"/>
                <counter type="LINE" missed="0" covered="4"/>
                <counter type="COMPLEXITY" missed="0" covered="1"/>
                <counter type="METHOD" missed="0" covered="1"/>
            </method>
            <method name="login" desc="(Ljava/lang/String;Ljava/lang/String;)J" line="32">
                <counter type="INSTRUCTION" missed="5" covered="36"/>
                <counter type="BRANCH" missed="2" covered="6"/>
                <counter type="LINE" missed="1" covered="8"/>
                <counter type="COMPLEXITY" missed="2" covered="3"/>
                <counter type="METHOD" missed="0" covered="1"/>
            </method>
            <method name="createUser" desc="(Lcom/cicc/ut/model/UserInfo;)V" line="48">
                <counter type="INSTRUCTION" missed="13" covered="55"/>
                <counter type="BRANCH" missed="2" covered="0"/>
                <counter type="LINE" missed="4" covered="18"/>
                <counter type="COMPLEXITY" missed="1" covered="1"/>
                <counter type="METHOD" missed="0" covered="1"/>
            </method>
            <method name="getUserByUserId" desc="(J)Lcom/cicc/ut/model/UserInfo;" line="76">
                <counter type="INSTRUCTION" missed="0" covered="38"/>
                <counter type="BRANCH" missed="0" covered="4"/>
                <counter type="LINE" missed="0" covered="13"/>
                <counter type="COMPLEXITY" missed="0" covered="3"/>
                <counter type="METHOD" missed="0" covered="1"/>
            </method>
            <counter type="INSTRUCTION" missed="18" covered="138"/>
            <counter type="BRANCH" missed="4" covered="10"/>
            <counter type="LINE" missed="5" covered="43"/>
            <counter type="COMPLEXITY" missed="3" covered="8"/>
            <counter type="METHOD" missed="0" covered="4"/>
            <counter type="CLASS" missed="0" covered="1"/>
        </class>
        <sourcefile name="UserServiceImpl.java">
            <line nr="25" mi="0" ci="2" mb="0" cb="0"/>
            <line nr="26" mi="0" ci="3" mb="0" cb="0"/>
            <line nr="27" mi="0" ci="3" mb="0" cb="0"/>
            <line nr="28" mi="0" ci="1" mb="0" cb="0"/>
            <line nr="32" mi="0" ci="6" mb="2" cb="2"/>
            <line nr="33" mi="5" ci="0" mb="0" cb="0"/>
            <line nr="35" mi="0" ci="5" mb="0" cb="0"/>
            <line nr="36" mi="0" ci="2" mb="0" cb="2"/>
            <line nr="37" mi="0" ci="5" mb="0" cb="0"/>
            <line nr="39" mi="0" ci="5" mb="0" cb="0"/>
            <line nr="40" mi="0" ci="5" mb="0" cb="2"/>
            <line nr="41" mi="0" ci="5" mb="0" cb="0"/>
            <line nr="43" mi="0" ci="3" mb="0" cb="0"/>
            <line nr="48" mi="0" ci="3" mb="0" cb="0"/>
            <line nr="49" mi="0" ci="2" mb="0" cb="0"/>
            <line nr="50" mi="0" ci="3" mb="0" cb="0"/>
            <line nr="51" mi="0" ci="3" mb="0" cb="0"/>
            <line nr="52" mi="0" ci="2" mb="0" cb="0"/>
            <line nr="53" mi="0" ci="7" mb="0" cb="0"/>
            <line nr="54" mi="0" ci="4" mb="0" cb="0"/>
            <line nr="55" mi="0" ci="1" mb="0" cb="0"/>
            <line nr="56" mi="0" ci="2" mb="0" cb="0"/>
            <line nr="57" mi="0" ci="5" mb="0" cb="0"/>
            <line nr="59" mi="0" ci="2" mb="0" cb="0"/>
            <line nr="60" mi="0" ci="3" mb="0" cb="0"/>
            <line nr="61" mi="0" ci="3" mb="0" cb="0"/>
            <line nr="62" mi="0" ci="3" mb="0" cb="0"/>
            <line nr="63" mi="0" ci="5" mb="0" cb="0"/>
            <line nr="64" mi="0" ci="4" mb="0" cb="0"/>
            <line nr="65" mi="0" ci="1" mb="0" cb="0"/>
            <line nr="66" mi="0" ci="2" mb="0" cb="0"/>
            <line nr="67" mi="4" ci="0" mb="2" cb="0"/>
            <line nr="69" mi="3" ci="0" mb="0" cb="0"/>
            <line nr="71" mi="5" ci="0" mb="0" cb="0"/>
            <line nr="72" mi="1" ci="0" mb="0" cb="0"/>
            <line nr="76" mi="0" ci="5" mb="0" cb="0"/>
            <line nr="77" mi="0" ci="2" mb="0" cb="2"/>
            <line nr="78" mi="0" ci="2" mb="0" cb="0"/>
            <line nr="81" mi="0" ci="2" mb="0" cb="0"/>
            <line nr="82" mi="0" ci="3" mb="0" cb="0"/>
            <line nr="83" mi="0" ci="3" mb="0" cb="0"/>
            <line nr="85" mi="0" ci="5" mb="0" cb="0"/>
            <line nr="86" mi="0" ci="2" mb="0" cb="2"/>
            <line nr="87" mi="0" ci="2" mb="0" cb="0"/>
            <line nr="88" mi="0" ci="3" mb="0" cb="0"/>
            <line nr="89" mi="0" ci="3" mb="0" cb="0"/>
            <line nr="90" mi="0" ci="3" mb="0" cb="0"/>
            <line nr="93" mi="0" ci="3" mb="0" cb="0"/>
            <counter type="INSTRUCTION" missed="18" covered="138"/>
            <counter type="BRANCH" missed="4" covered="10"/>
            <counter type="LINE" missed="5" covered="43"/>
            <counter type="COMPLEXITY" missed="3" covered="8"/>
            <counter type="METHOD" missed="0" covered="4"/>
            <counter type="CLASS" missed="0" covered="1"/>
        </sourcefile>
        <counter type="INSTRUCTION" missed="18" covered="138"/>
        <counter type="BRANCH" missed="4" covered="10"/>
        <counter type="LINE" missed="5" covered="43"/>
        <counter type="COMPLEXITY" missed="3" covered="8"/>
        <counter type="METHOD" missed="0" covered="4"/>
        <counter type="CLASS" missed="0" covered="1"/>
    </package>
    <package name="com/cicc/ut/constants">
        <class name="com/cicc/ut/constants/Constants" sourcefilename="Constants.java"/>
        <sourcefile name="Constants.java"/>
    </package>
    <package name="com/cicc/ut/exceptions">
        <class name="com/cicc/ut/exceptions/AuthException" sourcefilename="AuthException.java">
            <method name="&lt;init&gt;" desc="(Ljava/lang/String;)V" line="6">
                <counter type="INSTRUCTION" missed="0" covered="4"/>
                <counter type="LINE" missed="0" covered="2"/>
                <counter type="COMPLEXITY" missed="0" covered="1"/>
                <counter type="METHOD" missed="0" covered="1"/>
            </method>
            <counter type="INSTRUCTION" missed="0" covered="4"/>
            <counter type="LINE" missed="0" covered="2"/>
            <counter type="COMPLEXITY" missed="0" covered="1"/>
            <counter type="METHOD" missed="0" covered="1"/>
            <counter type="CLASS" missed="0" covered="1"/>
        </class>
        <sourcefile name="AuthException.java">
            <line nr="6" mi="0" ci="3" mb="0" cb="0"/>
            <line nr="7" mi="0" ci="1" mb="0" cb="0"/>
            <counter type="INSTRUCTION" missed="0" covered="4"/>
            <counter type="LINE" missed="0" covered="2"/>
            <counter type="COMPLEXITY" missed="0" covered="1"/>
            <counter type="METHOD" missed="0" covered="1"/>
            <counter type="CLASS" missed="0" covered="1"/>
        </sourcefile>
        <counter type="INSTRUCTION" missed="0" covered="4"/>
        <counter type="LINE" missed="0" covered="2"/>
        <counter type="COMPLEXITY" missed="0" covered="1"/>
        <counter type="METHOD" missed="0" covered="1"/>
        <counter type="CLASS" missed="0" covered="1"/>
    </package>
    <package name="com/cicc/ut/service">
        <class name="com/cicc/ut/service/UserService" sourcefilename="UserService.java"/>
        <sourcefile name="UserService.java"/>
    </package>
    <counter type="INSTRUCTION" missed="18" covered="166"/>
    <counter type="BRANCH" missed="4" covered="10"/>
    <counter type="LINE" missed="5" covered="47"/>
    <counter type="COMPLEXITY" missed="3" covered="10"/>
    <counter type="METHOD" missed="0" covered="6"/>
    <counter type="CLASS" missed="0" covered="3"/>
</report>